<?xml version="1.0" encoding="UTF-8"?>
<testsuite name="Academy choucair" tests="1" skipped="1" failures="0" errors="0" timestamp="2021-11-06T03:50:13" hostname="maoanaya" time="30.97">
  <properties/>
  <testcase name="Automation Technical Challenge" classname="Academy choucair" time="30.97">
    <skipped/>
  </testcase>
  <system-out><![CDATA[]]></system-out>
  <system-err><![CDATA[[Test worker] WARN net.thucydides.core.steps.BaseStepListener - stepStarted: net.thucydides.core.steps.ExecutedStepDescription@22d1b223
[Test worker] WARN net.thucydides.core.steps.BaseStepListener - stepStarted: net.thucydides.core.steps.ExecutedStepDescription@26d6af2d
[Test worker] WARN net.thucydides.core.steps.BaseStepListener - stepStarted: net.thucydides.core.steps.ExecutedStepDescription@3946723e
nov 05, 2021 10:50:14 PM org.openqa.selenium.remote.DesiredCapabilities chrome
INFORMACIÓN: Using `new ChromeOptions()` is preferred to `DesiredCapabilities.chrome()`
[Test worker] INFO net.serenitybdd.core.webdriver.driverproviders.ProvideNewDriver - Instantiating driver
[Test worker] INFO net.serenitybdd.core.webdriver.driverproviders.ProvideNewDriver - Driver capabilities: Capabilities {acceptInsecureCerts: false, browserName: chrome, chrome.switches: --start-maximized, goog:chromeOptions: {args: [--start-maximized], extensions: []}, loggingPrefs: org.openqa.selenium.logging..., platform: ANY, version: }
Starting ChromeDriver 95.0.4638.54 (d31a821ec901f68d0d34ccdbaea45b4c86ce543e-refs/branch-heads/4638@{#871}) on port 17558
Only local connections are allowed.
Please see https://chromedriver.chromium.org/security-considerations for suggestions on keeping ChromeDriver safe.
ChromeDriver was started successfully.
nov 05, 2021 10:50:20 PM org.openqa.selenium.remote.ProtocolHandshake createSession
INFORMACIÓN: Detected dialect: W3C
[Test worker] WARN net.thucydides.core.steps.BaseStepListener - stepFinished: current outcome:Automation Technical Challenge:Given Enter the Utest page [Mauricio open utes [Mauricio opens the Choucair utes page]]
[Test worker] WARN net.thucydides.core.steps.BaseStepListener - stepFinished: current outcome:Automation Technical Challenge:Given Enter the Utest page [Mauricio open utes [Mauricio opens the Choucair utes page]]
[Test worker] WARN net.thucydides.core.steps.BaseStepListener - stepStarted: net.thucydides.core.steps.ExecutedStepDescription@28d3b415
[Test worker] WARN net.thucydides.core.steps.BaseStepListener - stepStarted: net.thucydides.core.steps.ExecutedStepDescription@30c0667c
[Test worker] WARN net.thucydides.core.steps.BaseStepListener - stepFinished: current outcome:Automation Technical Challenge:Given Enter the Utest page [Mauricio open utes [Mauricio opens the Choucair utes page], Mauricio login [Mauricio clicks on button that shows us the form to login]]
[Test worker] WARN net.thucydides.core.steps.BaseStepListener - stepStarted: net.thucydides.core.steps.ExecutedStepDescription@40daccfb
[Test worker] WARN net.thucydides.core.steps.BaseStepListener - stepFinished: current outcome:Automation Technical Challenge:Given Enter the Utest page [Mauricio open utes [Mauricio opens the Choucair utes page], Mauricio login [Mauricio clicks on button that shows us the form to login, Mauricio enters 'Mauricio' into box for]]
[Test worker] WARN net.thucydides.core.steps.BaseStepListener - stepStarted: net.thucydides.core.steps.ExecutedStepDescription@281312e9
[Test worker] WARN net.thucydides.core.steps.BaseStepListener - stepFinished: current outcome:Automation Technical Challenge:Given Enter the Utest page [Mauricio open utes [Mauricio opens the Choucair utes page], Mauricio login [Mauricio clicks on button that shows us the form to login, Mauricio enters 'Mauricio' into box for, Mauricio enters 'Anaya' into box for]]
[Test worker] WARN net.thucydides.core.steps.BaseStepListener - stepStarted: net.thucydides.core.steps.ExecutedStepDescription@29f38b86
[Test worker] WARN net.thucydides.core.steps.BaseStepListener - stepFinished: current outcome:Automation Technical Challenge:Given Enter the Utest page [Mauricio open utes [Mauricio opens the Choucair utes page], Mauricio login [Mauricio clicks on button that shows us the form to login, Mauricio enters 'Mauricio' into box for, Mauricio enters 'Anaya' into box for, Mauricio enters 'mao1095@hotmail.es' into box for]]
[Test worker] WARN net.thucydides.core.steps.BaseStepListener - stepStarted: net.thucydides.core.steps.ExecutedStepDescription@6d2b4718
[Test worker] WARN net.thucydides.core.steps.BaseStepListener - stepFinished: current outcome:Automation Technical Challenge:Given Enter the Utest page [Mauricio open utes [Mauricio opens the Choucair utes page], Mauricio login [Mauricio clicks on button that shows us the form to login, Mauricio enters 'Mauricio' into box for, Mauricio enters 'Anaya' into box for, Mauricio enters 'mao1095@hotmail.es' into box for, Mauricio select November on box for]]
[Test worker] WARN net.thucydides.core.steps.BaseStepListener - stepStarted: net.thucydides.core.steps.ExecutedStepDescription@4a100caa
[Test worker] WARN net.thucydides.core.steps.BaseStepListener - stepFinished: current outcome:Automation Technical Challenge:Given Enter the Utest page [Mauricio open utes [Mauricio opens the Choucair utes page], Mauricio login [Mauricio clicks on button that shows us the form to login, Mauricio enters 'Mauricio' into box for, Mauricio enters 'Anaya' into box for, Mauricio enters 'mao1095@hotmail.es' into box for, Mauricio select November on box for, Mauricio select 6 on box for]]
[Test worker] WARN net.thucydides.core.steps.BaseStepListener - stepStarted: net.thucydides.core.steps.ExecutedStepDescription@65afad62
[Test worker] WARN net.thucydides.core.steps.BaseStepListener - stepFinished: current outcome:Automation Technical Challenge:Given Enter the Utest page [Mauricio open utes [Mauricio opens the Choucair utes page], Mauricio login [Mauricio clicks on button that shows us the form to login, Mauricio enters 'Mauricio' into box for, Mauricio enters 'Anaya' into box for, Mauricio enters 'mao1095@hotmail.es' into box for, Mauricio select November on box for, Mauricio select 6 on box for, Mauricio select 1989 on box for]]
[Test worker] WARN net.thucydides.core.steps.BaseStepListener - stepStarted: net.thucydides.core.steps.ExecutedStepDescription@69b41dc6
[Test worker] WARN net.thucydides.core.steps.BaseStepListener - stepFinished: current outcome:Automation Technical Challenge:Given Enter the Utest page [Mauricio open utes [Mauricio opens the Choucair utes page], Mauricio login [Mauricio clicks on button that shows us the form to login, Mauricio enters 'Mauricio' into box for, Mauricio enters 'Anaya' into box for, Mauricio enters 'mao1095@hotmail.es' into box for, Mauricio select November on box for, Mauricio select 6 on box for, Mauricio select 1989 on box for, Mauricio clicks on button that shows us the form to login]]
[Test worker] WARN net.thucydides.core.steps.BaseStepListener - stepStarted: net.thucydides.core.steps.ExecutedStepDescription@18fc3fb
[Test worker] WARN net.thucydides.core.steps.BaseStepListener - stepFinished: current outcome:Automation Technical Challenge:Given Enter the Utest page [Mauricio open utes [Mauricio opens the Choucair utes page], Mauricio login [Mauricio clicks on button that shows us the form to login, Mauricio enters 'Mauricio' into box for, Mauricio enters 'Anaya' into box for, Mauricio enters 'mao1095@hotmail.es' into box for, Mauricio select November on box for, Mauricio select 6 on box for, Mauricio select 1989 on box for, Mauricio clicks on button that shows us the form to login, Mauricio clicks on button that shows us the form to login]]
[Test worker] WARN net.thucydides.core.steps.BaseStepListener - stepStarted: net.thucydides.core.steps.ExecutedStepDescription@42975098
[Test worker] WARN net.thucydides.core.steps.BaseStepListener - stepFinished: current outcome:Automation Technical Challenge:Given Enter the Utest page [Mauricio open utes [Mauricio opens the Choucair utes page], Mauricio login [Mauricio clicks on button that shows us the form to login, Mauricio enters 'Mauricio' into box for, Mauricio enters 'Anaya' into box for, Mauricio enters 'mao1095@hotmail.es' into box for, Mauricio select November on box for, Mauricio select 6 on box for, Mauricio select 1989 on box for, Mauricio clicks on button that shows us the form to login, Mauricio clicks on button that shows us the form to login, Mauricio clicks on button that shows us the form to login]]
[Test worker] WARN net.thucydides.core.steps.BaseStepListener - stepStarted: net.thucydides.core.steps.ExecutedStepDescription@77299cb
[Test worker] WARN net.thucydides.core.steps.BaseStepListener - stepFinished: current outcome:Automation Technical Challenge:Given Enter the Utest page [Mauricio open utes [Mauricio opens the Choucair utes page], Mauricio login [Mauricio clicks on button that shows us the form to login, Mauricio enters 'Mauricio' into box for, Mauricio enters 'Anaya' into box for, Mauricio enters 'mao1095@hotmail.es' into box for, Mauricio select November on box for, Mauricio select 6 on box for, Mauricio select 1989 on box for, Mauricio clicks on button that shows us the form to login, Mauricio clicks on button that shows us the form to login, Mauricio clicks on button that shows us the form to login, Mauricio enters 'Andres1095*' into box for]]
[Test worker] WARN net.thucydides.core.steps.BaseStepListener - stepStarted: net.thucydides.core.steps.ExecutedStepDescription@3cc811cd
[Test worker] WARN net.thucydides.core.steps.BaseStepListener - stepFinished: current outcome:Automation Technical Challenge:Given Enter the Utest page [Mauricio open utes [Mauricio opens the Choucair utes page], Mauricio login [Mauricio clicks on button that shows us the form to login, Mauricio enters 'Mauricio' into box for, Mauricio enters 'Anaya' into box for, Mauricio enters 'mao1095@hotmail.es' into box for, Mauricio select November on box for, Mauricio select 6 on box for, Mauricio select 1989 on box for, Mauricio clicks on button that shows us the form to login, Mauricio clicks on button that shows us the form to login, Mauricio clicks on button that shows us the form to login, Mauricio enters 'Andres1095*' into box for, Mauricio enters 'Andres1095*' into box for]]
[Test worker] WARN net.thucydides.core.steps.BaseStepListener - stepStarted: net.thucydides.core.steps.ExecutedStepDescription@3bc08474
[Test worker] WARN net.thucydides.core.steps.BaseStepListener - stepFinished: current outcome:Automation Technical Challenge:Given Enter the Utest page [Mauricio open utes [Mauricio opens the Choucair utes page], Mauricio login [Mauricio clicks on button that shows us the form to login, Mauricio enters 'Mauricio' into box for, Mauricio enters 'Anaya' into box for, Mauricio enters 'mao1095@hotmail.es' into box for, Mauricio select November on box for, Mauricio select 6 on box for, Mauricio select 1989 on box for, Mauricio clicks on button that shows us the form to login, Mauricio clicks on button that shows us the form to login, Mauricio clicks on button that shows us the form to login, Mauricio enters 'Andres1095*' into box for, Mauricio enters 'Andres1095*' into box for, Mauricio clicks on box for]]
[Test worker] WARN net.thucydides.core.steps.BaseStepListener - stepStarted: net.thucydides.core.steps.ExecutedStepDescription@249dc4b1
[Test worker] WARN net.thucydides.core.steps.BaseStepListener - stepFinished: current outcome:Automation Technical Challenge:Given Enter the Utest page [Mauricio open utes [Mauricio opens the Choucair utes page], Mauricio login [Mauricio clicks on button that shows us the form to login, Mauricio enters 'Mauricio' into box for, Mauricio enters 'Anaya' into box for, Mauricio enters 'mao1095@hotmail.es' into box for, Mauricio select November on box for, Mauricio select 6 on box for, Mauricio select 1989 on box for, Mauricio clicks on button that shows us the form to login, Mauricio clicks on button that shows us the form to login, Mauricio clicks on button that shows us the form to login, Mauricio enters 'Andres1095*' into box for, Mauricio enters 'Andres1095*' into box for, Mauricio clicks on box for, Mauricio clicks on box for]]
[Test worker] WARN net.thucydides.core.steps.BaseStepListener - stepStarted: net.thucydides.core.steps.ExecutedStepDescription@40900122
[Test worker] WARN net.thucydides.core.steps.BaseStepListener - stepFinished: current outcome:Automation Technical Challenge:Given Enter the Utest page [Mauricio open utes [Mauricio opens the Choucair utes page], Mauricio login [Mauricio clicks on button that shows us the form to login, Mauricio enters 'Mauricio' into box for, Mauricio enters 'Anaya' into box for, Mauricio enters 'mao1095@hotmail.es' into box for, Mauricio select November on box for, Mauricio select 6 on box for, Mauricio select 1989 on box for, Mauricio clicks on button that shows us the form to login, Mauricio clicks on button that shows us the form to login, Mauricio clicks on button that shows us the form to login, Mauricio enters 'Andres1095*' into box for, Mauricio enters 'Andres1095*' into box for, Mauricio clicks on box for, Mauricio clicks on box for, Mauricio clicks on button that shows us the form to login]]
[Test worker] WARN net.thucydides.core.steps.BaseStepListener - stepFinished: current outcome:Automation Technical Challenge:Given Enter the Utest page [Mauricio open utes [Mauricio opens the Choucair utes page], Mauricio login [Mauricio clicks on button that shows us the form to login, Mauricio enters 'Mauricio' into box for, Mauricio enters 'Anaya' into box for, Mauricio enters 'mao1095@hotmail.es' into box for, Mauricio select November on box for, Mauricio select 6 on box for, Mauricio select 1989 on box for, Mauricio clicks on button that shows us the form to login, Mauricio clicks on button that shows us the form to login, Mauricio clicks on button that shows us the form to login, Mauricio enters 'Andres1095*' into box for, Mauricio enters 'Andres1095*' into box for, Mauricio clicks on box for, Mauricio clicks on box for, Mauricio clicks on button that shows us the form to login]]
[Test worker] WARN net.thucydides.core.steps.BaseStepListener - stepFinished: current outcome:Automation Technical Challenge:Given Enter the Utest page [Mauricio open utes [Mauricio opens the Choucair utes page], Mauricio login [Mauricio clicks on button that shows us the form to login, Mauricio enters 'Mauricio' into box for, Mauricio enters 'Anaya' into box for, Mauricio enters 'mao1095@hotmail.es' into box for, Mauricio select November on box for, Mauricio select 6 on box for, Mauricio select 1989 on box for, Mauricio clicks on button that shows us the form to login, Mauricio clicks on button that shows us the form to login, Mauricio clicks on button that shows us the form to login, Mauricio enters 'Andres1095*' into box for, Mauricio enters 'Andres1095*' into box for, Mauricio clicks on box for, Mauricio clicks on box for, Mauricio clicks on button that shows us the form to login]]
[Test worker] WARN net.thucydides.core.steps.BaseStepListener - stepStarted: net.thucydides.core.steps.ExecutedStepDescription@65909791
[Test worker] INFO net.thucydides.core.steps.ConsoleLoggingListener - TEST PENDING
[Test worker] WARN net.thucydides.core.steps.BaseStepListener - stepStarted: net.thucydides.core.steps.ExecutedStepDescription@1277b95f
[Test worker] WARN net.thucydides.core.steps.BaseStepListener - testFinished: Automation Technical Challenge:Given Enter the Utest page [Mauricio open utes [Mauricio opens the Choucair utes page], Mauricio login [Mauricio clicks on button that shows us the form to login, Mauricio enters 'Mauricio' into box for, Mauricio enters 'Anaya' into box for, Mauricio enters 'mao1095@hotmail.es' into box for, Mauricio select November on box for, Mauricio select 6 on box for, Mauricio select 1989 on box for, Mauricio clicks on button that shows us the form to login, Mauricio clicks on button that shows us the form to login, Mauricio clicks on button that shows us the form to login, Mauricio enters 'Andres1095*' into box for, Mauricio enters 'Andres1095*' into box for, Mauricio clicks on box for, Mauricio clicks on box for, Mauricio clicks on button that shows us the form to login]], When Click on register option, Then Register in the form to create a new user
[Test worker] WARN net.thucydides.core.steps.BaseStepListener - TestOutcomes: [Automation Technical Challenge:Given Enter the Utest page [Mauricio open utes [Mauricio opens the Choucair utes page], Mauricio login [Mauricio clicks on button that shows us the form to login, Mauricio enters 'Mauricio' into box for, Mauricio enters 'Anaya' into box for, Mauricio enters 'mao1095@hotmail.es' into box for, Mauricio select November on box for, Mauricio select 6 on box for, Mauricio select 1989 on box for, Mauricio clicks on button that shows us the form to login, Mauricio clicks on button that shows us the form to login, Mauricio clicks on button that shows us the form to login, Mauricio enters 'Andres1095*' into box for, Mauricio enters 'Andres1095*' into box for, Mauricio clicks on box for, Mauricio clicks on box for, Mauricio clicks on button that shows us the form to login]], When Click on register option, Then Register in the form to create a new user]
[Test worker] WARN net.thucydides.core.steps.BaseStepListener - Final testOutcomes: [Automation Technical Challenge:Given Enter the Utest page [Mauricio open utes [Mauricio opens the Choucair utes page], Mauricio login [Mauricio clicks on button that shows us the form to login, Mauricio enters 'Mauricio' into box for, Mauricio enters 'Anaya' into box for, Mauricio enters 'mao1095@hotmail.es' into box for, Mauricio select November on box for, Mauricio select 6 on box for, Mauricio select 1989 on box for, Mauricio clicks on button that shows us the form to login, Mauricio clicks on button that shows us the form to login, Mauricio clicks on button that shows us the form to login, Mauricio enters 'Andres1095*' into box for, Mauricio enters 'Andres1095*' into box for, Mauricio clicks on box for, Mauricio clicks on box for, Mauricio clicks on button that shows us the form to login]], When Click on register option, Then Register in the form to create a new user]
[Test worker] INFO net.thucydides.core.steps.ConsoleLoggingListener - 
          __  _____ _____ ____ _____   ____  _____ _   _ ____ ___ _   _  ____ 
 _       / / |_   _| ____/ ___|_   _| |  _ \| ____| \ | |  _ \_ _| \ | |/ ___|
(_)____ / /    | | |  _| \___ \ | |   | |_) |  _| |  \| | | | | ||  \| | |  _ 
 |_____/ /     | | | |___ ___) || |   |  __/| |___| |\  | |_| | || |\  | |_| |
(_)   /_/      |_| |_____|____/ |_|   |_|   |_____|_| \_|____/___|_| \_|\____|
                                                                                

TEST PENDING: Automation Technical Challenge
---------------------------------------------------------------------------------
]]></system-err>
</testsuite>
